0 info it worked if it ends with ok
1 verbose cli [ '/usr/local/Cellar/node/5.1.0/bin/node',
1 verbose cli   '/usr/local/bin/npm',
1 verbose cli   'start' ]
2 info using npm@3.3.12
3 info using node@v5.1.0
4 verbose run-script [ 'prestart', 'start', 'poststart' ]
5 info lifecycle tedd_arcuri@1.0.0~prestart: tedd_arcuri@1.0.0
6 silly lifecycle tedd_arcuri@1.0.0~prestart: no script for prestart, continuing
7 info lifecycle tedd_arcuri@1.0.0~start: tedd_arcuri@1.0.0
8 verbose lifecycle tedd_arcuri@1.0.0~start: unsafe-perm in lifecycle true
9 verbose lifecycle tedd_arcuri@1.0.0~start: PATH: /usr/local/lib/node_modules/npm/bin/node-gyp-bin:/Users/tarcuri/Sites/arcuri_react/node_modules/.bin:/usr/local/sbin:/Users/tarcuri/.rbenv/shims:/usr/local/heroku/bin:/usr/local/bin:/Users/tarcuri/.composer/vendor/bin:/Applications/MAMP/Library/bin/:/usr/local/bin:/usr/bin:/bin:/usr/sbin:/sbin:/Users/tarcuri/npm/bin:/Library/Java/JavaVirtualMachines/jdk1.8.0_45.jdk/Contents/Home/bin:/Users/tarcuri/.rvm/bin
10 verbose lifecycle tedd_arcuri@1.0.0~start: CWD: /Users/tarcuri/Sites/arcuri_react
11 silly lifecycle tedd_arcuri@1.0.0~start: Args: [ '-c', 'node server.js' ]
12 silly lifecycle tedd_arcuri@1.0.0~start: Returned: code: 1  signal: null
13 info lifecycle tedd_arcuri@1.0.0~start: Failed to exec start script
14 verbose stack Error: tedd_arcuri@1.0.0 start: `node server.js`
14 verbose stack Exit status 1
14 verbose stack     at EventEmitter.<anonymous> (/usr/local/lib/node_modules/npm/lib/utils/lifecycle.js:232:16)
14 verbose stack     at emitTwo (events.js:87:13)
14 verbose stack     at EventEmitter.emit (events.js:172:7)
14 verbose stack     at ChildProcess.<anonymous> (/usr/local/lib/node_modules/npm/lib/utils/spawn.js:24:14)
14 verbose stack     at emitTwo (events.js:87:13)
14 verbose stack     at ChildProcess.emit (events.js:172:7)
14 verbose stack     at maybeClose (internal/child_process.js:818:16)
14 verbose stack     at Process.ChildProcess._handle.onexit (internal/child_process.js:211:5)
15 verbose pkgid tedd_arcuri@1.0.0
16 verbose cwd /Users/tarcuri/Sites/arcuri_react
17 error Darwin 14.3.0
18 error argv "/usr/local/Cellar/node/5.1.0/bin/node" "/usr/local/bin/npm" "start"
19 error node v5.1.0
20 error npm  v3.3.12
21 error code ELIFECYCLE
22 error tedd_arcuri@1.0.0 start: `node server.js`
22 error Exit status 1
23 error Failed at the tedd_arcuri@1.0.0 start script 'node server.js'.
23 error Make sure you have the latest version of node.js and npm installed.
23 error If you do, this is most likely a problem with the tedd_arcuri package,
23 error not with npm itself.
23 error Tell the author that this fails on your system:
23 error     node server.js
23 error You can get their info via:
23 error     npm owner ls tedd_arcuri
23 error There is likely additional logging output above.
24 verbose exit [ 1, true ]
